23-Jun-2023 23:14:19.851 INFO [main] org.apache.catalina.startup.VersionLoggerListener.log Server version name:   Apache Tomcat/9.0.76
23-Jun-2023 23:14:19.857 INFO [main] org.apache.catalina.startup.VersionLoggerListener.log Server built:          Jun 5 2023 07:17:04 UTC
23-Jun-2023 23:14:19.857 INFO [main] org.apache.catalina.startup.VersionLoggerListener.log Server version number: 9.0.76.0
23-Jun-2023 23:14:19.857 INFO [main] org.apache.catalina.startup.VersionLoggerListener.log OS Name:               Linux
23-Jun-2023 23:14:19.858 INFO [main] org.apache.catalina.startup.VersionLoggerListener.log OS Version:            5.19.0-45-generic
23-Jun-2023 23:14:19.858 INFO [main] org.apache.catalina.startup.VersionLoggerListener.log Architecture:          amd64
23-Jun-2023 23:14:19.858 INFO [main] org.apache.catalina.startup.VersionLoggerListener.log Java Home:             /home/jrana/softwares/jdk-19.0.2
23-Jun-2023 23:14:19.858 INFO [main] org.apache.catalina.startup.VersionLoggerListener.log JVM Version:           19.0.2+7-44
23-Jun-2023 23:14:19.858 INFO [main] org.apache.catalina.startup.VersionLoggerListener.log JVM Vendor:            Oracle Corporation
23-Jun-2023 23:14:19.858 INFO [main] org.apache.catalina.startup.VersionLoggerListener.log CATALINA_BASE:         /home/jrana/Downloads/tomcat/apache-tomcat-9.0.76
23-Jun-2023 23:14:19.858 INFO [main] org.apache.catalina.startup.VersionLoggerListener.log CATALINA_HOME:         /home/jrana/Downloads/tomcat/apache-tomcat-9.0.76
23-Jun-2023 23:14:19.871 INFO [main] org.apache.catalina.startup.VersionLoggerListener.log Command line argument: --add-opens=java.base/java.lang=ALL-UNNAMED
23-Jun-2023 23:14:19.871 INFO [main] org.apache.catalina.startup.VersionLoggerListener.log Command line argument: --add-opens=java.base/java.io=ALL-UNNAMED
23-Jun-2023 23:14:19.871 INFO [main] org.apache.catalina.startup.VersionLoggerListener.log Command line argument: --add-opens=java.base/java.util=ALL-UNNAMED
23-Jun-2023 23:14:19.871 INFO [main] org.apache.catalina.startup.VersionLoggerListener.log Command line argument: --add-opens=java.base/java.util.concurrent=ALL-UNNAMED
23-Jun-2023 23:14:19.871 INFO [main] org.apache.catalina.startup.VersionLoggerListener.log Command line argument: --add-opens=java.rmi/sun.rmi.transport=ALL-UNNAMED
23-Jun-2023 23:14:19.871 INFO [main] org.apache.catalina.startup.VersionLoggerListener.log Command line argument: -Djava.util.logging.config.file=/home/jrana/Downloads/tomcat/apache-tomcat-9.0.76/conf/logging.properties
23-Jun-2023 23:14:19.871 INFO [main] org.apache.catalina.startup.VersionLoggerListener.log Command line argument: -Djava.util.logging.manager=org.apache.juli.ClassLoaderLogManager
23-Jun-2023 23:14:19.872 INFO [main] org.apache.catalina.startup.VersionLoggerListener.log Command line argument: -Djdk.tls.ephemeralDHKeySize=2048
23-Jun-2023 23:14:19.872 INFO [main] org.apache.catalina.startup.VersionLoggerListener.log Command line argument: -Djava.protocol.handler.pkgs=org.apache.catalina.webresources
23-Jun-2023 23:14:19.872 INFO [main] org.apache.catalina.startup.VersionLoggerListener.log Command line argument: -Dorg.apache.catalina.security.SecurityListener.UMASK=0027
23-Jun-2023 23:14:19.872 INFO [main] org.apache.catalina.startup.VersionLoggerListener.log Command line argument: -Dignore.endorsed.dirs=
23-Jun-2023 23:14:19.872 INFO [main] org.apache.catalina.startup.VersionLoggerListener.log Command line argument: -Dcatalina.base=/home/jrana/Downloads/tomcat/apache-tomcat-9.0.76
23-Jun-2023 23:14:19.872 INFO [main] org.apache.catalina.startup.VersionLoggerListener.log Command line argument: -Dcatalina.home=/home/jrana/Downloads/tomcat/apache-tomcat-9.0.76
23-Jun-2023 23:14:19.872 INFO [main] org.apache.catalina.startup.VersionLoggerListener.log Command line argument: -Djava.io.tmpdir=/home/jrana/Downloads/tomcat/apache-tomcat-9.0.76/temp
23-Jun-2023 23:14:19.874 INFO [main] org.apache.catalina.core.AprLifecycleListener.lifecycleEvent The Apache Tomcat Native library which allows using OpenSSL was not found on the java.library.path: [/usr/java/packages/lib:/usr/lib64:/lib64:/lib:/usr/lib]
23-Jun-2023 23:14:20.267 INFO [main] org.apache.coyote.AbstractProtocol.init Initializing ProtocolHandler ["http-nio-8080"]
23-Jun-2023 23:14:20.294 INFO [main] org.apache.catalina.startup.Catalina.load Server initialization in [656] milliseconds
23-Jun-2023 23:14:20.342 INFO [main] org.apache.catalina.core.StandardService.startInternal Starting service [Catalina]
23-Jun-2023 23:14:20.343 INFO [main] org.apache.catalina.core.StandardEngine.startInternal Starting Servlet engine: [Apache Tomcat/9.0.76]
23-Jun-2023 23:14:20.354 INFO [main] org.apache.catalina.startup.HostConfig.deployDirectory Deploying web application directory [/home/jrana/Downloads/tomcat/apache-tomcat-9.0.76/webapps/host-manager]
23-Jun-2023 23:14:20.658 INFO [main] org.apache.catalina.startup.HostConfig.deployDirectory Deployment of web application directory [/home/jrana/Downloads/tomcat/apache-tomcat-9.0.76/webapps/host-manager] has finished in [302] ms
23-Jun-2023 23:14:20.658 INFO [main] org.apache.catalina.startup.HostConfig.deployDirectory Deploying web application directory [/home/jrana/Downloads/tomcat/apache-tomcat-9.0.76/webapps/a6]
23-Jun-2023 23:14:20.716 INFO [main] org.apache.catalina.startup.HostConfig.deployDirectory Deployment of web application directory [/home/jrana/Downloads/tomcat/apache-tomcat-9.0.76/webapps/a6] has finished in [58] ms
23-Jun-2023 23:14:20.717 INFO [main] org.apache.catalina.startup.HostConfig.deployDirectory Deploying web application directory [/home/jrana/Downloads/tomcat/apache-tomcat-9.0.76/webapps/ROOT]
23-Jun-2023 23:14:20.741 INFO [main] org.apache.catalina.startup.HostConfig.deployDirectory Deployment of web application directory [/home/jrana/Downloads/tomcat/apache-tomcat-9.0.76/webapps/ROOT] has finished in [24] ms
23-Jun-2023 23:14:20.741 INFO [main] org.apache.catalina.startup.HostConfig.deployDirectory Deploying web application directory [/home/jrana/Downloads/tomcat/apache-tomcat-9.0.76/webapps/manager]
23-Jun-2023 23:14:20.773 INFO [main] org.apache.catalina.startup.HostConfig.deployDirectory Deployment of web application directory [/home/jrana/Downloads/tomcat/apache-tomcat-9.0.76/webapps/manager] has finished in [32] ms
23-Jun-2023 23:14:20.774 INFO [main] org.apache.catalina.startup.HostConfig.deployDirectory Deploying web application directory [/home/jrana/Downloads/tomcat/apache-tomcat-9.0.76/webapps/docs]
23-Jun-2023 23:14:20.796 INFO [main] org.apache.catalina.startup.HostConfig.deployDirectory Deployment of web application directory [/home/jrana/Downloads/tomcat/apache-tomcat-9.0.76/webapps/docs] has finished in [22] ms
23-Jun-2023 23:14:20.797 INFO [main] org.apache.catalina.startup.HostConfig.deployDirectory Deploying web application directory [/home/jrana/Downloads/tomcat/apache-tomcat-9.0.76/webapps/examples]
23-Jun-2023 23:14:21.044 INFO [main] org.apache.catalina.startup.HostConfig.deployDirectory Deployment of web application directory [/home/jrana/Downloads/tomcat/apache-tomcat-9.0.76/webapps/examples] has finished in [246] ms
23-Jun-2023 23:14:21.047 INFO [main] org.apache.coyote.AbstractProtocol.start Starting ProtocolHandler ["http-nio-8080"]
23-Jun-2023 23:14:21.057 INFO [main] org.apache.catalina.startup.Catalina.start Server startup in [761] milliseconds
23-Jun-2023 23:23:01.245 INFO [Catalina-utility-2] org.apache.catalina.core.StandardContext.reload Reloading Context with name [/a6] has started
23-Jun-2023 23:23:01.284 INFO [Catalina-utility-2] org.apache.catalina.core.StandardContext.reload Reloading Context with name [/a6] is completed
23-Jun-2023 23:42:28.870 INFO [main] org.apache.catalina.core.StandardServer.await A valid shutdown command was received via the shutdown port. Stopping the Server instance.
23-Jun-2023 23:42:28.871 INFO [main] org.apache.coyote.AbstractProtocol.pause Pausing ProtocolHandler ["http-nio-8080"]
23-Jun-2023 23:42:28.873 INFO [main] org.apache.catalina.core.StandardService.stopInternal Stopping service [Catalina]
23-Jun-2023 23:42:28.894 INFO [main] org.apache.coyote.AbstractProtocol.stop Stopping ProtocolHandler ["http-nio-8080"]
23-Jun-2023 23:42:28.897 INFO [main] org.apache.coyote.AbstractProtocol.destroy Destroying ProtocolHandler ["http-nio-8080"]
23-Jun-2023 23:59:25.135 INFO [main] org.apache.catalina.startup.VersionLoggerListener.log Server version name:   Apache Tomcat/9.0.76
23-Jun-2023 23:59:25.139 INFO [main] org.apache.catalina.startup.VersionLoggerListener.log Server built:          Jun 5 2023 07:17:04 UTC
23-Jun-2023 23:59:25.146 INFO [main] org.apache.catalina.startup.VersionLoggerListener.log Server version number: 9.0.76.0
23-Jun-2023 23:59:25.147 INFO [main] org.apache.catalina.startup.VersionLoggerListener.log OS Name:               Linux
23-Jun-2023 23:59:25.147 INFO [main] org.apache.catalina.startup.VersionLoggerListener.log OS Version:            5.19.0-45-generic
23-Jun-2023 23:59:25.147 INFO [main] org.apache.catalina.startup.VersionLoggerListener.log Architecture:          amd64
23-Jun-2023 23:59:25.147 INFO [main] org.apache.catalina.startup.VersionLoggerListener.log Java Home:             /home/jrana/softwares/jdk-19.0.2
23-Jun-2023 23:59:25.147 INFO [main] org.apache.catalina.startup.VersionLoggerListener.log JVM Version:           19.0.2+7-44
23-Jun-2023 23:59:25.148 INFO [main] org.apache.catalina.startup.VersionLoggerListener.log JVM Vendor:            Oracle Corporation
23-Jun-2023 23:59:25.148 INFO [main] org.apache.catalina.startup.VersionLoggerListener.log CATALINA_BASE:         /home/jrana/Downloads/tomcat/apache-tomcat-9.0.76
23-Jun-2023 23:59:25.148 INFO [main] org.apache.catalina.startup.VersionLoggerListener.log CATALINA_HOME:         /home/jrana/Downloads/tomcat/apache-tomcat-9.0.76
23-Jun-2023 23:59:25.152 INFO [main] org.apache.catalina.startup.VersionLoggerListener.log Command line argument: --add-opens=java.base/java.lang=ALL-UNNAMED
23-Jun-2023 23:59:25.152 INFO [main] org.apache.catalina.startup.VersionLoggerListener.log Command line argument: --add-opens=java.base/java.io=ALL-UNNAMED
23-Jun-2023 23:59:25.152 INFO [main] org.apache.catalina.startup.VersionLoggerListener.log Command line argument: --add-opens=java.base/java.util=ALL-UNNAMED
23-Jun-2023 23:59:25.152 INFO [main] org.apache.catalina.startup.VersionLoggerListener.log Command line argument: --add-opens=java.base/java.util.concurrent=ALL-UNNAMED
23-Jun-2023 23:59:25.152 INFO [main] org.apache.catalina.startup.VersionLoggerListener.log Command line argument: --add-opens=java.rmi/sun.rmi.transport=ALL-UNNAMED
23-Jun-2023 23:59:25.152 INFO [main] org.apache.catalina.startup.VersionLoggerListener.log Command line argument: -Djava.util.logging.config.file=/home/jrana/Downloads/tomcat/apache-tomcat-9.0.76/conf/logging.properties
23-Jun-2023 23:59:25.152 INFO [main] org.apache.catalina.startup.VersionLoggerListener.log Command line argument: -Djava.util.logging.manager=org.apache.juli.ClassLoaderLogManager
23-Jun-2023 23:59:25.153 INFO [main] org.apache.catalina.startup.VersionLoggerListener.log Command line argument: -Djdk.tls.ephemeralDHKeySize=2048
23-Jun-2023 23:59:25.153 INFO [main] org.apache.catalina.startup.VersionLoggerListener.log Command line argument: -Djava.protocol.handler.pkgs=org.apache.catalina.webresources
23-Jun-2023 23:59:25.153 INFO [main] org.apache.catalina.startup.VersionLoggerListener.log Command line argument: -Dorg.apache.catalina.security.SecurityListener.UMASK=0027
23-Jun-2023 23:59:25.153 INFO [main] org.apache.catalina.startup.VersionLoggerListener.log Command line argument: -Dignore.endorsed.dirs=
23-Jun-2023 23:59:25.153 INFO [main] org.apache.catalina.startup.VersionLoggerListener.log Command line argument: -Dcatalina.base=/home/jrana/Downloads/tomcat/apache-tomcat-9.0.76
23-Jun-2023 23:59:25.153 INFO [main] org.apache.catalina.startup.VersionLoggerListener.log Command line argument: -Dcatalina.home=/home/jrana/Downloads/tomcat/apache-tomcat-9.0.76
23-Jun-2023 23:59:25.153 INFO [main] org.apache.catalina.startup.VersionLoggerListener.log Command line argument: -Djava.io.tmpdir=/home/jrana/Downloads/tomcat/apache-tomcat-9.0.76/temp
23-Jun-2023 23:59:25.155 INFO [main] org.apache.catalina.core.AprLifecycleListener.lifecycleEvent The Apache Tomcat Native library which allows using OpenSSL was not found on the java.library.path: [/usr/java/packages/lib:/usr/lib64:/lib64:/lib:/usr/lib]
23-Jun-2023 23:59:25.452 INFO [main] org.apache.coyote.AbstractProtocol.init Initializing ProtocolHandler ["http-nio-8080"]
23-Jun-2023 23:59:25.477 INFO [main] org.apache.catalina.startup.Catalina.load Server initialization in [537] milliseconds
23-Jun-2023 23:59:25.517 INFO [main] org.apache.catalina.core.StandardService.startInternal Starting service [Catalina]
23-Jun-2023 23:59:25.517 INFO [main] org.apache.catalina.core.StandardEngine.startInternal Starting Servlet engine: [Apache Tomcat/9.0.76]
23-Jun-2023 23:59:25.525 INFO [main] org.apache.catalina.startup.HostConfig.deployDirectory Deploying web application directory [/home/jrana/Downloads/tomcat/apache-tomcat-9.0.76/webapps/host-manager]
23-Jun-2023 23:59:25.759 INFO [main] org.apache.catalina.startup.HostConfig.deployDirectory Deployment of web application directory [/home/jrana/Downloads/tomcat/apache-tomcat-9.0.76/webapps/host-manager] has finished in [234] ms
23-Jun-2023 23:59:25.759 INFO [main] org.apache.catalina.startup.HostConfig.deployDirectory Deploying web application directory [/home/jrana/Downloads/tomcat/apache-tomcat-9.0.76/webapps/a6]
23-Jun-2023 23:59:25.797 INFO [main] org.apache.catalina.startup.HostConfig.deployDirectory Deployment of web application directory [/home/jrana/Downloads/tomcat/apache-tomcat-9.0.76/webapps/a6] has finished in [37] ms
23-Jun-2023 23:59:25.797 INFO [main] org.apache.catalina.startup.HostConfig.deployDirectory Deploying web application directory [/home/jrana/Downloads/tomcat/apache-tomcat-9.0.76/webapps/ROOT]
23-Jun-2023 23:59:25.815 INFO [main] org.apache.catalina.startup.HostConfig.deployDirectory Deployment of web application directory [/home/jrana/Downloads/tomcat/apache-tomcat-9.0.76/webapps/ROOT] has finished in [17] ms
23-Jun-2023 23:59:25.815 INFO [main] org.apache.catalina.startup.HostConfig.deployDirectory Deploying web application directory [/home/jrana/Downloads/tomcat/apache-tomcat-9.0.76/webapps/manager]
23-Jun-2023 23:59:25.834 INFO [main] org.apache.catalina.startup.HostConfig.deployDirectory Deployment of web application directory [/home/jrana/Downloads/tomcat/apache-tomcat-9.0.76/webapps/manager] has finished in [19] ms
23-Jun-2023 23:59:25.834 INFO [main] org.apache.catalina.startup.HostConfig.deployDirectory Deploying web application directory [/home/jrana/Downloads/tomcat/apache-tomcat-9.0.76/webapps/docs]
23-Jun-2023 23:59:25.854 INFO [main] org.apache.catalina.startup.HostConfig.deployDirectory Deployment of web application directory [/home/jrana/Downloads/tomcat/apache-tomcat-9.0.76/webapps/docs] has finished in [20] ms
23-Jun-2023 23:59:25.854 INFO [main] org.apache.catalina.startup.HostConfig.deployDirectory Deploying web application directory [/home/jrana/Downloads/tomcat/apache-tomcat-9.0.76/webapps/examples]
23-Jun-2023 23:59:26.038 INFO [main] org.apache.catalina.startup.HostConfig.deployDirectory Deployment of web application directory [/home/jrana/Downloads/tomcat/apache-tomcat-9.0.76/webapps/examples] has finished in [184] ms
23-Jun-2023 23:59:26.041 INFO [main] org.apache.coyote.AbstractProtocol.start Starting ProtocolHandler ["http-nio-8080"]
23-Jun-2023 23:59:26.049 INFO [main] org.apache.catalina.startup.Catalina.start Server startup in [571] milliseconds
